e:\leventure\workshop\github\leventure_developkey\leventure_developkey\leventure_developkey\release\leventure_developkey.obj
e:\leventure\workshop\github\leventure_developkey\leventure_developkey\leventure_developkey\release\qjsonanalyse.obj
e:\leventure\workshop\github\leventure_developkey\leventure_developkey\leventure_developkey\release\main.obj
e:\leventure\workshop\github\leventure_developkey\leventure_developkey\leventure_developkey\release\vc142.pdb
e:\leventure\workshop\github\leventure_developkey\leventure_developkey\leventure_developkey\release\moc_leventure_developkey.obj
e:\leventure\workshop\github\leventure_developkey\leventure_developkey\leventure_developkey\release\moc_qjsonanalyse.obj
e:\leventure\workshop\github\leventure_developkey\leventure_developkey\leventure_developkey\release\qrc_leventure_developkey.obj
e:\leventure\workshop\github\leventure_developkey\leventure_developkey\leventure_developkey\release\uic\ui_leventure_developkey.h
e:\leventure\workshop\github\leventure_developkey\leventure_developkey\leventure_developkey\release\rcc\qrc_leventure_developkey.cpp
e:\leventure\workshop\github\leventure_developkey\leventure_developkey\leventure_developkey\release\moc\moc_leventure_developkey.cpp
e:\leventure\workshop\github\leventure_developkey\leventure_developkey\leventure_developkey\release\moc\moc_qjsonanalyse.cpp
e:\leventure\workshop\github\leventure_developkey\leventure_developkey\release\leventure_developkey.ilk
e:\leventure\workshop\github\leventure_developkey\leventure_developkey\release\leventure_developkey.exe
e:\leventure\workshop\github\leventure_developkey\leventure_developkey\release\leventure_developkey.pdb
e:\leventure\workshop\github\leventure_developkey\leventure_developkey\leventure_developkey\release\leventur.8ed4328e.tlog\cl.11672.write.1.tlog
e:\leventure\workshop\github\leventure_developkey\leventure_developkey\leventure_developkey\release\leventur.8ed4328e.tlog\cl.command.1.tlog
e:\leventure\workshop\github\leventure_developkey\leventure_developkey\leventure_developkey\release\leventur.8ed4328e.tlog\cl.read.1.tlog
e:\leventure\workshop\github\leventure_developkey\leventure_developkey\leventure_developkey\release\leventur.8ed4328e.tlog\leventure_developkey.write.1u.tlog
e:\leventure\workshop\github\leventure_developkey\leventure_developkey\leventure_developkey\release\leventur.8ed4328e.tlog\link.command.1.tlog
e:\leventure\workshop\github\leventure_developkey\leventure_developkey\leventure_developkey\release\leventur.8ed4328e.tlog\link.read.1.tlog
e:\leventure\workshop\github\leventure_developkey\leventure_developkey\leventure_developkey\release\leventur.8ed4328e.tlog\link.write.1.tlog
e:\leventure\workshop\github\leventure_developkey\leventure_developkey\leventure_developkey\release\leventur.8ed4328e.tlog\moc.read.1u.tlog
e:\leventure\workshop\github\leventure_developkey\leventure_developkey\leventure_developkey\release\leventur.8ed4328e.tlog\moc.write.1u.tlog
e:\leventure\workshop\github\leventure_developkey\leventure_developkey\leventure_developkey\release\leventur.8ed4328e.tlog\rcc.read.1u.tlog
e:\leventure\workshop\github\leventure_developkey\leventure_developkey\leventure_developkey\release\leventur.8ed4328e.tlog\rcc.write.1u.tlog
e:\leventure\workshop\github\leventure_developkey\leventure_developkey\leventure_developkey\release\leventur.8ed4328e.tlog\uic.read.1u.tlog
e:\leventure\workshop\github\leventure_developkey\leventure_developkey\leventure_developkey\release\leventur.8ed4328e.tlog\uic.write.1u.tlog
