d:\current\leventure_developkey\leventure_developkey\debug\main.obj
d:\current\leventure_developkey\leventure_developkey\debug\leventure_developkey.obj
d:\current\leventure_developkey\leventure_developkey\debug\vc142.pdb
d:\current\leventure_developkey\leventure_developkey\debug\moc_leventure_developkey.obj
d:\current\leventure_developkey\leventure_developkey\debug\qrc_leventure_developkey.obj
d:\current\leventure_developkey\leventure_developkey\debug\uic\ui_leventure_developkey.h
d:\current\leventure_developkey\leventure_developkey\debug\rcc\qrc_leventure_developkey.cpp
d:\current\leventure_developkey\leventure_developkey\debug\moc\moc_leventure_developkey.cpp
d:\current\leventure_developkey\debug\leventure_developkey.exe
d:\current\leventure_developkey\debug\leventure_developkey.ilk
d:\current\leventure_developkey\debug\leventure_developkey.pdb
d:\current\leventure_developkey\leventure_developkey\debug\leventur.8ed4328e.tlog\cl.12080.write.1.tlog
d:\current\leventure_developkey\leventure_developkey\debug\leventur.8ed4328e.tlog\cl.command.1.tlog
d:\current\leventure_developkey\leventure_developkey\debug\leventur.8ed4328e.tlog\cl.read.1.tlog
d:\current\leventure_developkey\leventure_developkey\debug\leventur.8ed4328e.tlog\leventure_developkey.write.1u.tlog
d:\current\leventure_developkey\leventure_developkey\debug\leventur.8ed4328e.tlog\link.command.1.tlog
d:\current\leventure_developkey\leventure_developkey\debug\leventur.8ed4328e.tlog\link.read.1.tlog
d:\current\leventure_developkey\leventure_developkey\debug\leventur.8ed4328e.tlog\link.write.1.tlog
d:\current\leventure_developkey\leventure_developkey\debug\leventur.8ed4328e.tlog\moc.read.1u.tlog
d:\current\leventure_developkey\leventure_developkey\debug\leventur.8ed4328e.tlog\moc.write.1u.tlog
d:\current\leventure_developkey\leventure_developkey\debug\leventur.8ed4328e.tlog\rcc.read.1u.tlog
d:\current\leventure_developkey\leventure_developkey\debug\leventur.8ed4328e.tlog\rcc.write.1u.tlog
d:\current\leventure_developkey\leventure_developkey\debug\leventur.8ed4328e.tlog\uic.read.1u.tlog
d:\current\leventure_developkey\leventure_developkey\debug\leventur.8ed4328e.tlog\uic.write.1u.tlog
